<?xml version="1.0" encoding="UTF-8"?>
<testng-results ignored="0" total="1" passed="1" failed="0" skipped="0">
  <reporter-output>
  </reporter-output>
  <suite started-at="2023-02-20T23:11:57 IST" name="Default suite" finished-at="2023-02-20T23:12:51 IST" duration-ms="53868">
    <groups>
    </groups>
    <test started-at="2023-02-20T23:11:57 IST" name="Default test" finished-at="2023-02-20T23:12:51 IST" duration-ms="53868">
      <class name="test.ZoomOutDemo">
        <test-method is-config="true" signature="launchApp()[pri:0, instance:test.ZoomOutDemo@316bcf94]" started-at="2023-02-20T23:11:57 IST" name="launchApp" finished-at="2023-02-20T23:12:33 IST" duration-ms="35669" status="PASS">
          <reporter-output>
          </reporter-output>
        </test-method> <!-- launchApp -->
        <test-method signature="zoomOut()[pri:0, instance:test.ZoomOutDemo@316bcf94]" started-at="2023-02-20T23:12:33 IST" name="zoomOut" finished-at="2023-02-20T23:12:51 IST" duration-ms="17960" status="PASS">
          <reporter-output>
          </reporter-output>
        </test-method> <!-- zoomOut -->
      </class> <!-- test.ZoomOutDemo -->
    </test> <!-- Default test -->
  </suite> <!-- Default suite -->
</testng-results>
